<?xml version="1.0" encoding="UTF-8"?>
<testsuite xmlns:xsi="http://www.w3.org/2001/XMLSchema-instance" xsi:noNamespaceSchemaLocation="https://maven.apache.org/surefire/maven-surefire-plugin/xsd/surefire-test-report-3.0.xsd" version="3.0" name="testRunner.Activity2Test" time="6.603" tests="11" errors="1" skipped="0" failures="0">
  <properties>
    <property name="java.specification.version" value="25"/>
    <property name="sun.cpu.isalist" value="amd64"/>
    <property name="sun.jnu.encoding" value="Cp1252"/>
    <property name="java.class.path" value="C:\Users\AzamMustufaDidagur\Desktop\activities\qe-cucumber\target\test-classes;C:\Users\AzamMustufaDidagur\Desktop\activities\qe-cucumber\target\classes;C:\Users\AzamMustufaDidagur\.m2\repository\org\junit\jupiter\junit-jupiter-api\5.13.1\junit-jupiter-api-5.13.1.jar;C:\Users\AzamMustufaDidagur\.m2\repository\org\opentest4j\opentest4j\1.3.0\opentest4j-1.3.0.jar;C:\Users\AzamMustufaDidagur\.m2\repository\org\junit\platform\junit-platform-commons\1.13.1\junit-platform-commons-1.13.1.jar;C:\Users\AzamMustufaDidagur\.m2\repository\org\apiguardian\apiguardian-api\1.1.2\apiguardian-api-1.1.2.jar;C:\Users\AzamMustufaDidagur\.m2\repository\org\junit\platform\junit-platform-engine\1.13.1\junit-platform-engine-1.13.1.jar;C:\Users\AzamMustufaDidagur\.m2\repository\org\junit\platform\junit-platform-suite\1.13.1\junit-platform-suite-1.13.1.jar;C:\Users\AzamMustufaDidagur\.m2\repository\org\junit\platform\junit-platform-suite-api\1.13.1\junit-platform-suite-api-1.13.1.jar;C:\Users\AzamMustufaDidagur\.m2\repository\org\junit\platform\junit-platform-suite-engine\1.13.1\junit-platform-suite-engine-1.13.1.jar;C:\Users\AzamMustufaDidagur\.m2\repository\org\junit\platform\junit-platform-suite-commons\1.13.1\junit-platform-suite-commons-1.13.1.jar;C:\Users\AzamMustufaDidagur\.m2\repository\org\junit\platform\junit-platform-launcher\1.13.1\junit-platform-launcher-1.13.1.jar;C:\Users\AzamMustufaDidagur\.m2\repository\org\seleniumhq\selenium\selenium-java\4.33.0\selenium-java-4.33.0.jar;C:\Users\AzamMustufaDidagur\.m2\repository\org\seleniumhq\selenium\selenium-api\4.33.0\selenium-api-4.33.0.jar;C:\Users\AzamMustufaDidagur\.m2\repository\org\jspecify\jspecify\1.0.0\jspecify-1.0.0.jar;C:\Users\AzamMustufaDidagur\.m2\repository\org\seleniumhq\selenium\selenium-chrome-driver\4.33.0\selenium-chrome-driver-4.33.0.jar;C:\Users\AzamMustufaDidagur\.m2\repository\com\google\auto\service\auto-service-annotations\1.1.1\auto-service-annotations-1.1.1.jar;C:\Users\AzamMustufaDidagur\.m2\repository\org\seleniumhq\selenium\selenium-chromium-driver\4.33.0\selenium-chromium-driver-4.33.0.jar;C:\Users\AzamMustufaDidagur\.m2\repository\org\seleniumhq\selenium\selenium-json\4.33.0\selenium-json-4.33.0.jar;C:\Users\AzamMustufaDidagur\.m2\repository\org\seleniumhq\selenium\selenium-manager\4.33.0\selenium-manager-4.33.0.jar;C:\Users\AzamMustufaDidagur\.m2\repository\org\seleniumhq\selenium\selenium-devtools-v135\4.33.0\selenium-devtools-v135-4.33.0.jar;C:\Users\AzamMustufaDidagur\.m2\repository\org\seleniumhq\selenium\selenium-devtools-v136\4.33.0\selenium-devtools-v136-4.33.0.jar;C:\Users\AzamMustufaDidagur\.m2\repository\org\seleniumhq\selenium\selenium-devtools-v137\4.33.0\selenium-devtools-v137-4.33.0.jar;C:\Users\AzamMustufaDidagur\.m2\repository\org\seleniumhq\selenium\selenium-edge-driver\4.33.0\selenium-edge-driver-4.33.0.jar;C:\Users\AzamMustufaDidagur\.m2\repository\org\seleniumhq\selenium\selenium-firefox-driver\4.33.0\selenium-firefox-driver-4.33.0.jar;C:\Users\AzamMustufaDidagur\.m2\repository\org\seleniumhq\selenium\selenium-http\4.33.0\selenium-http-4.33.0.jar;C:\Users\AzamMustufaDidagur\.m2\repository\org\seleniumhq\selenium\selenium-ie-driver\4.33.0\selenium-ie-driver-4.33.0.jar;C:\Users\AzamMustufaDidagur\.m2\repository\org\seleniumhq\selenium\selenium-remote-driver\4.33.0\selenium-remote-driver-4.33.0.jar;C:\Users\AzamMustufaDidagur\.m2\repository\com\google\guava\guava\33.4.8-jre\guava-33.4.8-jre.jar;C:\Users\AzamMustufaDidagur\.m2\repository\com\google\guava\failureaccess\1.0.3\failureaccess-1.0.3.jar;C:\Users\AzamMustufaDidagur\.m2\repository\com\google\guava\listenablefuture\9999.0-empty-to-avoid-conflict-with-guava\listenablefuture-9999.0-empty-to-avoid-conflict-with-guava.jar;C:\Users\AzamMustufaDidagur\.m2\repository\com\google\errorprone\error_prone_annotations\2.36.0\error_prone_annotations-2.36.0.jar;C:\Users\AzamMustufaDidagur\.m2\repository\com\google\j2objc\j2objc-annotations\3.0.0\j2objc-annotations-3.0.0.jar;C:\Users\AzamMustufaDidagur\.m2\repository\io\opentelemetry\opentelemetry-api\1.50.0\opentelemetry-api-1.50.0.jar;C:\Users\AzamMustufaDidagur\.m2\repository\io\opentelemetry\opentelemetry-context\1.50.0\opentelemetry-context-1.50.0.jar;C:\Users\AzamMustufaDidagur\.m2\repository\io\opentelemetry\opentelemetry-exporter-logging\1.50.0\opentelemetry-exporter-logging-1.50.0.jar;C:\Users\AzamMustufaDidagur\.m2\repository\io\opentelemetry\opentelemetry-sdk-common\1.50.0\opentelemetry-sdk-common-1.50.0.jar;C:\Users\AzamMustufaDidagur\.m2\repository\io\opentelemetry\opentelemetry-sdk-extension-autoconfigure-spi\1.50.0\opentelemetry-sdk-extension-autoconfigure-spi-1.50.0.jar;C:\Users\AzamMustufaDidagur\.m2\repository\io\opentelemetry\opentelemetry-sdk-extension-autoconfigure\1.50.0\opentelemetry-sdk-extension-autoconfigure-1.50.0.jar;C:\Users\AzamMustufaDidagur\.m2\repository\io\opentelemetry\opentelemetry-sdk-trace\1.50.0\opentelemetry-sdk-trace-1.50.0.jar;C:\Users\AzamMustufaDidagur\.m2\repository\io\opentelemetry\opentelemetry-sdk\1.50.0\opentelemetry-sdk-1.50.0.jar;C:\Users\AzamMustufaDidagur\.m2\repository\io\opentelemetry\opentelemetry-sdk-metrics\1.50.0\opentelemetry-sdk-metrics-1.50.0.jar;C:\Users\AzamMustufaDidagur\.m2\repository\io\opentelemetry\opentelemetry-sdk-logs\1.50.0\opentelemetry-sdk-logs-1.50.0.jar;C:\Users\AzamMustufaDidagur\.m2\repository\net\bytebuddy\byte-buddy\1.17.5\byte-buddy-1.17.5.jar;C:\Users\AzamMustufaDidagur\.m2\repository\org\seleniumhq\selenium\selenium-os\4.33.0\selenium-os-4.33.0.jar;C:\Users\AzamMustufaDidagur\.m2\repository\org\apache\commons\commons-exec\1.4.0\commons-exec-1.4.0.jar;C:\Users\AzamMustufaDidagur\.m2\repository\org\seleniumhq\selenium\selenium-safari-driver\4.33.0\selenium-safari-driver-4.33.0.jar;C:\Users\AzamMustufaDidagur\.m2\repository\org\seleniumhq\selenium\selenium-support\4.33.0\selenium-support-4.33.0.jar;C:\Users\AzamMustufaDidagur\.m2\repository\io\cucumber\cucumber-core\7.20.0\cucumber-core-7.20.0.jar;C:\Users\AzamMustufaDidagur\.m2\repository\io\cucumber\cucumber-gherkin\7.20.0\cucumber-gherkin-7.20.0.jar;C:\Users\AzamMustufaDidagur\.m2\repository\io\cucumber\cucumber-gherkin-messages\7.20.0\cucumber-gherkin-messages-7.20.0.jar;C:\Users\AzamMustufaDidagur\.m2\repository\io\cucumber\gherkin\28.0.0\gherkin-28.0.0.jar;C:\Users\AzamMustufaDidagur\.m2\repository\io\cucumber\messages\24.1.0\messages-24.1.0.jar;C:\Users\AzamMustufaDidagur\.m2\repository\io\cucumber\testng-xml-formatter\0.2.0\testng-xml-formatter-0.2.0.jar;C:\Users\AzamMustufaDidagur\.m2\repository\io\cucumber\query\12.2.0\query-12.2.0.jar;C:\Users\AzamMustufaDidagur\.m2\repository\io\cucumber\tag-expressions\6.1.0\tag-expressions-6.1.0.jar;C:\Users\AzamMustufaDidagur\.m2\repository\io\cucumber\cucumber-expressions\17.1.0\cucumber-expressions-17.1.0.jar;C:\Users\AzamMustufaDidagur\.m2\repository\io\cucumber\datatable\7.20.0\datatable-7.20.0.jar;C:\Users\AzamMustufaDidagur\.m2\repository\io\cucumber\cucumber-plugin\7.20.0\cucumber-plugin-7.20.0.jar;C:\Users\AzamMustufaDidagur\.m2\repository\io\cucumber\docstring\7.20.0\docstring-7.20.0.jar;C:\Users\AzamMustufaDidagur\.m2\repository\io\cucumber\html-formatter\21.7.0\html-formatter-21.7.0.jar;C:\Users\AzamMustufaDidagur\.m2\repository\io\cucumber\junit-xml-formatter\0.5.0\junit-xml-formatter-0.5.0.jar;C:\Users\AzamMustufaDidagur\.m2\repository\io\cucumber\ci-environment\10.0.1\ci-environment-10.0.1.jar;C:\Users\AzamMustufaDidagur\.m2\repository\io\cucumber\cucumber-java\7.20.0\cucumber-java-7.20.0.jar;C:\Users\AzamMustufaDidagur\.m2\repository\io\cucumber\cucumber-junit-platform-engine\7.20.0\cucumber-junit-platform-engine-7.20.0.jar;"/>
    <property name="java.vm.vendor" value="Eclipse Adoptium"/>
    <property name="sun.arch.data.model" value="64"/>
    <property name="user.variant" value=""/>
    <property name="java.vendor.url" value="https://adoptium.net/"/>
    <property name="user.timezone" value="Asia/Calcutta"/>
    <property name="os.name" value="Windows 11"/>
    <property name="java.vm.specification.version" value="25"/>
    <property name="sun.java.launcher" value="SUN_STANDARD"/>
    <property name="user.country" value="US"/>
    <property name="sun.boot.library.path" value="C:\Program Files\Eclipse Adoptium\jdk-25.0.1.8-hotspot\bin"/>
    <property name="sun.java.command" value="C:\Users\AzamMustufaDidagur\AppData\Local\Temp\surefire11958788848785465288\surefirebooter-20260205121308867_3.jar C:\Users\AzamMustufaDidagur\AppData\Local\Temp\surefire11958788848785465288 2026-02-05T12-13-08_727-jvmRun1 surefire-20260205121308867_1tmp surefire_0-20260205121308867_2tmp"/>
    <property name="jdk.debug" value="release"/>
    <property name="surefire.test.class.path" value="C:\Users\AzamMustufaDidagur\Desktop\activities\qe-cucumber\target\test-classes;C:\Users\AzamMustufaDidagur\Desktop\activities\qe-cucumber\target\classes;C:\Users\AzamMustufaDidagur\.m2\repository\org\junit\jupiter\junit-jupiter-api\5.13.1\junit-jupiter-api-5.13.1.jar;C:\Users\AzamMustufaDidagur\.m2\repository\org\opentest4j\opentest4j\1.3.0\opentest4j-1.3.0.jar;C:\Users\AzamMustufaDidagur\.m2\repository\org\junit\platform\junit-platform-commons\1.13.1\junit-platform-commons-1.13.1.jar;C:\Users\AzamMustufaDidagur\.m2\repository\org\apiguardian\apiguardian-api\1.1.2\apiguardian-api-1.1.2.jar;C:\Users\AzamMustufaDidagur\.m2\repository\org\junit\platform\junit-platform-engine\1.13.1\junit-platform-engine-1.13.1.jar;C:\Users\AzamMustufaDidagur\.m2\repository\org\junit\platform\junit-platform-suite\1.13.1\junit-platform-suite-1.13.1.jar;C:\Users\AzamMustufaDidagur\.m2\repository\org\junit\platform\junit-platform-suite-api\1.13.1\junit-platform-suite-api-1.13.1.jar;C:\Users\AzamMustufaDidagur\.m2\repository\org\junit\platform\junit-platform-suite-engine\1.13.1\junit-platform-suite-engine-1.13.1.jar;C:\Users\AzamMustufaDidagur\.m2\repository\org\junit\platform\junit-platform-suite-commons\1.13.1\junit-platform-suite-commons-1.13.1.jar;C:\Users\AzamMustufaDidagur\.m2\repository\org\junit\platform\junit-platform-launcher\1.13.1\junit-platform-launcher-1.13.1.jar;C:\Users\AzamMustufaDidagur\.m2\repository\org\seleniumhq\selenium\selenium-java\4.33.0\selenium-java-4.33.0.jar;C:\Users\AzamMustufaDidagur\.m2\repository\org\seleniumhq\selenium\selenium-api\4.33.0\selenium-api-4.33.0.jar;C:\Users\AzamMustufaDidagur\.m2\repository\org\jspecify\jspecify\1.0.0\jspecify-1.0.0.jar;C:\Users\AzamMustufaDidagur\.m2\repository\org\seleniumhq\selenium\selenium-chrome-driver\4.33.0\selenium-chrome-driver-4.33.0.jar;C:\Users\AzamMustufaDidagur\.m2\repository\com\google\auto\service\auto-service-annotations\1.1.1\auto-service-annotations-1.1.1.jar;C:\Users\AzamMustufaDidagur\.m2\repository\org\seleniumhq\selenium\selenium-chromium-driver\4.33.0\selenium-chromium-driver-4.33.0.jar;C:\Users\AzamMustufaDidagur\.m2\repository\org\seleniumhq\selenium\selenium-json\4.33.0\selenium-json-4.33.0.jar;C:\Users\AzamMustufaDidagur\.m2\repository\org\seleniumhq\selenium\selenium-manager\4.33.0\selenium-manager-4.33.0.jar;C:\Users\AzamMustufaDidagur\.m2\repository\org\seleniumhq\selenium\selenium-devtools-v135\4.33.0\selenium-devtools-v135-4.33.0.jar;C:\Users\AzamMustufaDidagur\.m2\repository\org\seleniumhq\selenium\selenium-devtools-v136\4.33.0\selenium-devtools-v136-4.33.0.jar;C:\Users\AzamMustufaDidagur\.m2\repository\org\seleniumhq\selenium\selenium-devtools-v137\4.33.0\selenium-devtools-v137-4.33.0.jar;C:\Users\AzamMustufaDidagur\.m2\repository\org\seleniumhq\selenium\selenium-edge-driver\4.33.0\selenium-edge-driver-4.33.0.jar;C:\Users\AzamMustufaDidagur\.m2\repository\org\seleniumhq\selenium\selenium-firefox-driver\4.33.0\selenium-firefox-driver-4.33.0.jar;C:\Users\AzamMustufaDidagur\.m2\repository\org\seleniumhq\selenium\selenium-http\4.33.0\selenium-http-4.33.0.jar;C:\Users\AzamMustufaDidagur\.m2\repository\org\seleniumhq\selenium\selenium-ie-driver\4.33.0\selenium-ie-driver-4.33.0.jar;C:\Users\AzamMustufaDidagur\.m2\repository\org\seleniumhq\selenium\selenium-remote-driver\4.33.0\selenium-remote-driver-4.33.0.jar;C:\Users\AzamMustufaDidagur\.m2\repository\com\google\guava\guava\33.4.8-jre\guava-33.4.8-jre.jar;C:\Users\AzamMustufaDidagur\.m2\repository\com\google\guava\failureaccess\1.0.3\failureaccess-1.0.3.jar;C:\Users\AzamMustufaDidagur\.m2\repository\com\google\guava\listenablefuture\9999.0-empty-to-avoid-conflict-with-guava\listenablefuture-9999.0-empty-to-avoid-conflict-with-guava.jar;C:\Users\AzamMustufaDidagur\.m2\repository\com\google\errorprone\error_prone_annotations\2.36.0\error_prone_annotations-2.36.0.jar;C:\Users\AzamMustufaDidagur\.m2\repository\com\google\j2objc\j2objc-annotations\3.0.0\j2objc-annotations-3.0.0.jar;C:\Users\AzamMustufaDidagur\.m2\repository\io\opentelemetry\opentelemetry-api\1.50.0\opentelemetry-api-1.50.0.jar;C:\Users\AzamMustufaDidagur\.m2\repository\io\opentelemetry\opentelemetry-context\1.50.0\opentelemetry-context-1.50.0.jar;C:\Users\AzamMustufaDidagur\.m2\repository\io\opentelemetry\opentelemetry-exporter-logging\1.50.0\opentelemetry-exporter-logging-1.50.0.jar;C:\Users\AzamMustufaDidagur\.m2\repository\io\opentelemetry\opentelemetry-sdk-common\1.50.0\opentelemetry-sdk-common-1.50.0.jar;C:\Users\AzamMustufaDidagur\.m2\repository\io\opentelemetry\opentelemetry-sdk-extension-autoconfigure-spi\1.50.0\opentelemetry-sdk-extension-autoconfigure-spi-1.50.0.jar;C:\Users\AzamMustufaDidagur\.m2\repository\io\opentelemetry\opentelemetry-sdk-extension-autoconfigure\1.50.0\opentelemetry-sdk-extension-autoconfigure-1.50.0.jar;C:\Users\AzamMustufaDidagur\.m2\repository\io\opentelemetry\opentelemetry-sdk-trace\1.50.0\opentelemetry-sdk-trace-1.50.0.jar;C:\Users\AzamMustufaDidagur\.m2\repository\io\opentelemetry\opentelemetry-sdk\1.50.0\opentelemetry-sdk-1.50.0.jar;C:\Users\AzamMustufaDidagur\.m2\repository\io\opentelemetry\opentelemetry-sdk-metrics\1.50.0\opentelemetry-sdk-metrics-1.50.0.jar;C:\Users\AzamMustufaDidagur\.m2\repository\io\opentelemetry\opentelemetry-sdk-logs\1.50.0\opentelemetry-sdk-logs-1.50.0.jar;C:\Users\AzamMustufaDidagur\.m2\repository\net\bytebuddy\byte-buddy\1.17.5\byte-buddy-1.17.5.jar;C:\Users\AzamMustufaDidagur\.m2\repository\org\seleniumhq\selenium\selenium-os\4.33.0\selenium-os-4.33.0.jar;C:\Users\AzamMustufaDidagur\.m2\repository\org\apache\commons\commons-exec\1.4.0\commons-exec-1.4.0.jar;C:\Users\AzamMustufaDidagur\.m2\repository\org\seleniumhq\selenium\selenium-safari-driver\4.33.0\selenium-safari-driver-4.33.0.jar;C:\Users\AzamMustufaDidagur\.m2\repository\org\seleniumhq\selenium\selenium-support\4.33.0\selenium-support-4.33.0.jar;C:\Users\AzamMustufaDidagur\.m2\repository\io\cucumber\cucumber-core\7.20.0\cucumber-core-7.20.0.jar;C:\Users\AzamMustufaDidagur\.m2\repository\io\cucumber\cucumber-gherkin\7.20.0\cucumber-gherkin-7.20.0.jar;C:\Users\AzamMustufaDidagur\.m2\repository\io\cucumber\cucumber-gherkin-messages\7.20.0\cucumber-gherkin-messages-7.20.0.jar;C:\Users\AzamMustufaDidagur\.m2\repository\io\cucumber\gherkin\28.0.0\gherkin-28.0.0.jar;C:\Users\AzamMustufaDidagur\.m2\repository\io\cucumber\messages\24.1.0\messages-24.1.0.jar;C:\Users\AzamMustufaDidagur\.m2\repository\io\cucumber\testng-xml-formatter\0.2.0\testng-xml-formatter-0.2.0.jar;C:\Users\AzamMustufaDidagur\.m2\repository\io\cucumber\query\12.2.0\query-12.2.0.jar;C:\Users\AzamMustufaDidagur\.m2\repository\io\cucumber\tag-expressions\6.1.0\tag-expressions-6.1.0.jar;C:\Users\AzamMustufaDidagur\.m2\repository\io\cucumber\cucumber-expressions\17.1.0\cucumber-expressions-17.1.0.jar;C:\Users\AzamMustufaDidagur\.m2\repository\io\cucumber\datatable\7.20.0\datatable-7.20.0.jar;C:\Users\AzamMustufaDidagur\.m2\repository\io\cucumber\cucumber-plugin\7.20.0\cucumber-plugin-7.20.0.jar;C:\Users\AzamMustufaDidagur\.m2\repository\io\cucumber\docstring\7.20.0\docstring-7.20.0.jar;C:\Users\AzamMustufaDidagur\.m2\repository\io\cucumber\html-formatter\21.7.0\html-formatter-21.7.0.jar;C:\Users\AzamMustufaDidagur\.m2\repository\io\cucumber\junit-xml-formatter\0.5.0\junit-xml-formatter-0.5.0.jar;C:\Users\AzamMustufaDidagur\.m2\repository\io\cucumber\ci-environment\10.0.1\ci-environment-10.0.1.jar;C:\Users\AzamMustufaDidagur\.m2\repository\io\cucumber\cucumber-java\7.20.0\cucumber-java-7.20.0.jar;C:\Users\AzamMustufaDidagur\.m2\repository\io\cucumber\cucumber-junit-platform-engine\7.20.0\cucumber-junit-platform-engine-7.20.0.jar;"/>
    <property name="sun.cpu.endian" value="little"/>
    <property name="user.home" value="C:\Users\AzamMustufaDidagur"/>
    <property name="user.language" value="en"/>
    <property name="java.specification.vendor" value="Oracle Corporation"/>
    <property name="java.version.date" value="2025-10-21"/>
    <property name="java.home" value="C:\Program Files\Eclipse Adoptium\jdk-25.0.1.8-hotspot"/>
    <property name="file.separator" value="\"/>
    <property name="basedir" value="C:\Users\AzamMustufaDidagur\Desktop\activities\qe-cucumber"/>
    <property name="java.vm.compressedOopsMode" value="Zero based"/>
    <property name="line.separator" value="&#10;"/>
    <property name="java.vm.specification.vendor" value="Oracle Corporation"/>
    <property name="java.specification.name" value="Java Platform API Specification"/>
    <property name="surefire.real.class.path" value="C:\Users\AzamMustufaDidagur\AppData\Local\Temp\surefire11958788848785465288\surefirebooter-20260205121308867_3.jar"/>
    <property name="user.script" value=""/>
    <property name="sun.management.compiler" value="HotSpot 64-Bit Tiered Compilers"/>
    <property name="java.runtime.version" value="25.0.1+8-LTS"/>
    <property name="user.name" value="AzamMustufaDidagur"/>
    <property name="stdout.encoding" value="Cp1252"/>
    <property name="path.separator" value=";"/>
    <property name="os.version" value="10.0"/>
    <property name="java.runtime.name" value="OpenJDK Runtime Environment"/>
    <property name="file.encoding" value="UTF-8"/>
    <property name="java.vm.name" value="OpenJDK 64-Bit Server VM"/>
    <property name="java.vendor.version" value="Temurin-25.0.1+8"/>
    <property name="localRepository" value="C:\Users\AzamMustufaDidagur\.m2\repository"/>
    <property name="java.vendor.url.bug" value="https://github.com/adoptium/adoptium-support/issues"/>
    <property name="java.io.tmpdir" value="C:\Users\AZAMMU~1\AppData\Local\Temp\"/>
    <property name="java.version" value="25.0.1"/>
    <property name="user.dir" value="C:\Users\AzamMustufaDidagur\Desktop\activities\qe-cucumber"/>
    <property name="os.arch" value="amd64"/>
    <property name="java.vm.specification.name" value="Java Virtual Machine Specification"/>
    <property name="sun.os.patch.level" value=""/>
    <property name="native.encoding" value="Cp1252"/>
    <property name="java.library.path" value="C:\Program Files\Eclipse Adoptium\jdk-25.0.1.8-hotspot\bin;C:\Windows\Sun\Java\bin;C:\Windows\system32;C:\Windows;C:\Program Files (x86)\Common Files\Oracle\Java\java8path;C:\Program Files (x86)\Common Files\Oracle\Java\javapath;C:\Windows\system32;C:\Windows;C:\Windows\System32\Wbem;C:\Windows\System32\WindowsPowerShell\v1.0\;C:\Windows\System32\OpenSSH\;C:\Program Files\dotnet\;C:\Program Files\nodejs\;C:\Program Files\Eclipse Adoptium\jdk-25.0.1.8-hotspot\\bin;C:\Program Files\Apache\Maven\apache-maven-3.9.12\bin;C:\Users\AzamMustufaDidagur\AppData\Local\Microsoft\WindowsApps;C:\Users\AzamMustufaDidagur\AppData\Local\Box\Box Edit\;C:\Users\AzamMustufaDidagur\AppData\Local\Programs\Microsoft VS Code\bin;C:\Users\AzamMustufaDidagur\AppData\Roaming\npm;C:\Users\AzamMustufaDidagur\AppData\Local\Programs\Antigravity\bin;C:\Program Files\JetBrains\IntelliJ IDEA 2025.3.2\bin;."/>
    <property name="java.vm.info" value="mixed mode, sharing"/>
    <property name="stderr.encoding" value="Cp1252"/>
    <property name="java.vendor" value="Eclipse Adoptium"/>
    <property name="java.vm.version" value="25.0.1+8-LTS"/>
    <property name="stdin.encoding" value="Cp1252"/>
    <property name="sun.io.unicode.encoding" value="UnicodeLittle"/>
    <property name="java.class.version" value="69.0"/>
  </properties>
  <testcase name="Does Clicking About Us Button take us to About Us Page" classname="Test About us Link" time="0.763">
    <system-out><![CDATA[
@Activity1
Scenario: Does Clicking About Us Button take us to About Us Page &amp#27;[90m# features/Activity1.feature:6&amp#27;[0m
  &amp#27;[32mGiven &amp#27;[0m&amp#27;[32mThe user is on the home page&amp#27;[0m                             &amp#27;[90m# testDefinitions.Activity1StepDefinitions.userIsOnHomePage()&amp#27;[0m
  &amp#27;[32mWhen &amp#27;[0m&amp#27;[32mThe user clicks About Us Button&amp#27;[0m                           &amp#27;[90m# testDefinitions.Activity1StepDefinitions.userClicksAboutUsButton()&amp#27;[0m
  &amp#27;[32mThen &amp#27;[0m&amp#27;[32mUser should be taken to About Us Page&amp#27;[0m                     &amp#27;[90m# testDefinitions.Activity1StepDefinitions.verifyUserIsOnAboutUsPage()&amp#27;[0m
]]></system-out>
    <system-err><![CDATA[Feb 05, 2026 12:13:13 PM org.openqa.selenium.devtools.CdpVersionFinder findNearestMatch
WARNING: Unable to find CDP implementation matching 144
Feb 05, 2026 12:13:13 PM org.openqa.selenium.chromium.ChromiumDriver lambda$new$4
WARNING: Unable to find version of CDP to use for 144.0.7559.132. You may need to include a dependency on a specific version of the CDP using something similar to `org.seleniumhq.selenium:selenium-devtools-v86:4.33.0` where the version ("v86") matches the version of the chromium-based browser you're using and the version number of the artifact is the same as Selenium's.
]]></system-err>
  </testcase>
  <testcase name="Testing Login" classname="Login Test" time="1.136">
    <system-out><![CDATA[
@Activity2
Scenario: Testing Login                           &amp#27;[90m# features/Activity2.feature:6&amp#27;[0m
  &amp#27;[32mGiven &amp#27;[0m&amp#27;[32mThe user is on the login page&amp#27;[0m             &amp#27;[90m# testDefinitions.Activity2StepDefinitions.userIsOnLoginPage()&amp#27;[0m
  &amp#27;[32mWhen &amp#27;[0m&amp#27;[32mThe user enters username and password&amp#27;[0m      &amp#27;[90m# testDefinitions.Activity2StepDefinitions.entersCredentials()&amp#27;[0m
  &amp#27;[32mAnd &amp#27;[0m&amp#27;[32mClicks the submit btn&amp#27;[0m                       &amp#27;[90m# testDefinitions.Activity2StepDefinitions.clicksSubmit()&amp#27;[0m
  &amp#27;[32mThen &amp#27;[0m&amp#27;[32mGet the confirmation message and verify it&amp#27;[0m &amp#27;[90m# testDefinitions.Activity2StepDefinitions.verifyConfirmation()&amp#27;[0m
]]></system-out>
  </testcase>
  <testcase name="Testing Login without examples" classname="Login Test" time="0.888">
    <system-out><![CDATA[
@Activity4
Scenario: Testing Login without examples                                             &amp#27;[90m# features/Activity4.feature:6&amp#27;[0m
  &amp#27;[32mGiven &amp#27;[0m&amp#27;[32mThe user is on the login page&amp#27;[0m                                                &amp#27;[90m# testDefinitions.Activity2StepDefinitions.userIsOnLoginPage()&amp#27;[0m
  &amp#27;[32mWhen &amp#27;[0m&amp#27;[32mThe user enters username and password&amp#27;[0m                                         &amp#27;[90m# testDefinitions.Activity2StepDefinitions.entersCredentials()&amp#27;[0m
  &amp#27;[32mAnd &amp#27;[0m&amp#27;[32mClicks the submit btn&amp#27;[0m                                                          &amp#27;[90m# testDefinitions.Activity2StepDefinitions.clicksSubmit()&amp#27;[0m
  &amp#27;[32mThen &amp#27;[0m&amp#27;[32mGet the confirmation message and verify the message as &amp#27;[0m&amp#27;[32m&amp#27;[1m"Welcome Back, Admin!"&amp#27;[0m &amp#27;[90m# testDefinitions.Activity2StepDefinitions.getTheConfirmationMessageAndVerifyTheMessageAs(java.lang.String)&amp#27;[0m
]]></system-out>
  </testcase>
  <testcase name="Testing with Simple Alert" classname="Testing with Tags" time="0.294">
    <system-out><![CDATA[
@Activity3 @SimpleAlert @SmokeTest
Scenario: Testing with Simple Alert        &amp#27;[90m# features/Activity3.feature:5&amp#27;[0m
  &amp#27;[32mGiven &amp#27;[0m&amp#27;[32mUser is on the page&amp#27;[0m                &amp#27;[90m# testDefinitions.Activity3StepDefinitions.alertPage()&amp#27;[0m
  &amp#27;[32mWhen &amp#27;[0m&amp#27;[32mUser clicks the Simple Alert button&amp#27;[0m &amp#27;[90m# testDefinitions.Activity3StepDefinitions.simpleAlert()&amp#27;[0m
  &amp#27;[32mThen &amp#27;[0m&amp#27;[32mAlert opens&amp#27;[0m                         &amp#27;[90m# testDefinitions.Activity3StepDefinitions.switchToAlert()&amp#27;[0m
Alert text: You've just triggered a simple alert!
  &amp#27;[32mAnd &amp#27;[0m&amp#27;[32mRead the text from it and print it&amp#27;[0m   &amp#27;[90m# testDefinitions.Activity3StepDefinitions.getAlertText()&amp#27;[0m
  &amp#27;[32mAnd &amp#27;[0m&amp#27;[32mClose the alert&amp#27;[0m                      &amp#27;[90m# testDefinitions.Activity3StepDefinitions.acceptAlert()&amp#27;[0m
Result: You just accepted a simple alert!
  &amp#27;[32mAnd &amp#27;[0m&amp#27;[32mRead the result text&amp#27;[0m                 &amp#27;[90m# testDefinitions.Activity3StepDefinitions.resultMessage()&amp#27;[0m
]]></system-out>
  </testcase>
  <testcase name="Testing with Confirm Alert" classname="Testing with Tags" time="0.228">
    <system-out><![CDATA[
@Activity3 @ConfirmAlert
Scenario: Testing with Confirm Alert        &amp#27;[90m# features/Activity3.feature:14&amp#27;[0m
  &amp#27;[32mGiven &amp#27;[0m&amp#27;[32mUser is on the page&amp#27;[0m                 &amp#27;[90m# testDefinitions.Activity3StepDefinitions.alertPage()&amp#27;[0m
  &amp#27;[32mWhen &amp#27;[0m&amp#27;[32mUser clicks the Confirm Alert button&amp#27;[0m &amp#27;[90m# testDefinitions.Activity3StepDefinitions.confirmationAlert()&amp#27;[0m
  &amp#27;[32mThen &amp#27;[0m&amp#27;[32mAlert opens&amp#27;[0m                          &amp#27;[90m# testDefinitions.Activity3StepDefinitions.switchToAlert()&amp#27;[0m
Alert text: You've just triggered a confirmation alert!
  &amp#27;[32mAnd &amp#27;[0m&amp#27;[32mRead the text from it and print it&amp#27;[0m    &amp#27;[90m# testDefinitions.Activity3StepDefinitions.getAlertText()&amp#27;[0m
  &amp#27;[32mAnd &amp#27;[0m&amp#27;[32mClose the alert with cancel&amp#27;[0m           &amp#27;[90m# testDefinitions.Activity3StepDefinitions.dismissAlert()&amp#27;[0m
Result: You just dismissed a confirmation alert!
  &amp#27;[32mAnd &amp#27;[0m&amp#27;[32mRead the result text&amp#27;[0m                  &amp#27;[90m# testDefinitions.Activity3StepDefinitions.resultMessage()&amp#27;[0m
]]></system-out>
  </testcase>
  <testcase name="Example #1.1" classname="Examples" time="0.312">
    <system-out><![CDATA[
@Activity3 @PromptAlert
Scenario Outline: Testing with Prompt Alert           &amp#27;[90m# features/Activity3.feature:34&amp#27;[0m
  &amp#27;[32mGiven &amp#27;[0m&amp#27;[32mUser is on the page&amp#27;[0m                           &amp#27;[90m# testDefinitions.Activity3StepDefinitions.alertPage()&amp#27;[0m
  &amp#27;[32mWhen &amp#27;[0m&amp#27;[32mUser clicks the Prompt Alert button&amp#27;[0m            &amp#27;[90m# testDefinitions.Activity3StepDefinitions.promptAlert()&amp#27;[0m
  &amp#27;[32mThen &amp#27;[0m&amp#27;[32mAlert opens&amp#27;[0m                                    &amp#27;[90m# testDefinitions.Activity3StepDefinitions.switchToAlert()&amp#27;[0m
Alert text: I'm a Prompt! Type something into me!
  &amp#27;[32mAnd &amp#27;[0m&amp#27;[32mRead the text from it and print it&amp#27;[0m              &amp#27;[90m# testDefinitions.Activity3StepDefinitions.getAlertText()&amp#27;[0m
  &amp#27;[32mAnd &amp#27;[0m&amp#27;[32mWrite a custom message in it &amp#27;[0m&amp#27;[32m&amp#27;[1m"Hello from Azam!"&amp#27;[0m &amp#27;[90m# testDefinitions.Activity3StepDefinitions.enterMessage(java.lang.String)&amp#27;[0m
  &amp#27;[32mAnd &amp#27;[0m&amp#27;[32mClose the alert&amp#27;[0m                                 &amp#27;[90m# testDefinitions.Activity3StepDefinitions.acceptAlert()&amp#27;[0m
Result: You typed "Hello from Azam!" into the prompt!
  &amp#27;[32mAnd &amp#27;[0m&amp#27;[32mRead the result text&amp#27;[0m                            &amp#27;[90m# testDefinitions.Activity3StepDefinitions.resultMessage()&amp#27;[0m
]]></system-out>
  </testcase>
  <testcase name="Example #1.1" classname="Examples" time="0.479">
    <system-out><![CDATA[
@Activity5
Scenario Outline: Login Test with Example                                        &amp#27;[90m# features/Activity5.feature:13&amp#27;[0m
  &amp#27;[32mGiven &amp#27;[0m&amp#27;[32mThe user is on the login page&amp#27;[0m                                            &amp#27;[90m# testDefinitions.Activity2StepDefinitions.userIsOnLoginPage()&amp#27;[0m
  &amp#27;[32mWhen &amp#27;[0m&amp#27;[32mThe user enters &amp#27;[0m&amp#27;[32m&amp#27;[1m"admin"&amp#27;[0m&amp#27;[32m and &amp#27;[0m&amp#27;[32m&amp#27;[1m"admin"&amp#27;[0m                                       &amp#27;[90m# testDefinitions.Activity2StepDefinitions.theUserEnters(java.lang.String,java.lang.String)&amp#27;[0m
  &amp#27;[32mWhen &amp#27;[0m&amp#27;[32mClicks the submit btn&amp#27;[0m                                                     &amp#27;[90m# testDefinitions.Activity2StepDefinitions.clicksSubmit()&amp#27;[0m
  &amp#27;[32mThen &amp#27;[0m&amp#27;[32mGet the confirmation text and verify the message as &amp#27;[0m&amp#27;[32m&amp#27;[1m"Invalid credentials"&amp#27;[0m &amp#27;[90m# testDefinitions.Activity2StepDefinitions.getTheConfirmationTextAndVerifyTheMessageAs(java.lang.String)&amp#27;[0m
]]></system-out>
  </testcase>
  <testcase name="Example #1.2" classname="Examples" time="0.252">
    <system-out><![CDATA[
@Activity3 @PromptAlert
Scenario Outline: Testing with Prompt Alert      &amp#27;[90m# features/Activity3.feature:35&amp#27;[0m
  &amp#27;[32mGiven &amp#27;[0m&amp#27;[32mUser is on the page&amp#27;[0m                      &amp#27;[90m# testDefinitions.Activity3StepDefinitions.alertPage()&amp#27;[0m
  &amp#27;[32mWhen &amp#27;[0m&amp#27;[32mUser clicks the Prompt Alert button&amp#27;[0m       &amp#27;[90m# testDefinitions.Activity3StepDefinitions.promptAlert()&amp#27;[0m
  &amp#27;[32mThen &amp#27;[0m&amp#27;[32mAlert opens&amp#27;[0m                               &amp#27;[90m# testDefinitions.Activity3StepDefinitions.switchToAlert()&amp#27;[0m
Alert text: I'm a Prompt! Type something into me!
  &amp#27;[32mAnd &amp#27;[0m&amp#27;[32mRead the text from it and print it&amp#27;[0m         &amp#27;[90m# testDefinitions.Activity3StepDefinitions.getAlertText()&amp#27;[0m
  &amp#27;[32mAnd &amp#27;[0m&amp#27;[32mWrite a custom message in it &amp#27;[0m&amp#27;[32m&amp#27;[1m"Testing 123"&amp#27;[0m &amp#27;[90m# testDefinitions.Activity3StepDefinitions.enterMessage(java.lang.String)&amp#27;[0m
  &amp#27;[32mAnd &amp#27;[0m&amp#27;[32mClose the alert&amp#27;[0m                            &amp#27;[90m# testDefinitions.Activity3StepDefinitions.acceptAlert()&amp#27;[0m
Result: You typed "Testing 123" into the prompt!
  &amp#27;[32mAnd &amp#27;[0m&amp#27;[32mRead the result text&amp#27;[0m                       &amp#27;[90m# testDefinitions.Activity3StepDefinitions.resultMessage()&amp#27;[0m
]]></system-out>
  </testcase>
  <testcase name="Example #1.2" classname="Examples" time="0.539">
    <error message="no such element: Unable to locate element: {&quot;method&quot;:&quot;xpath&quot;,&quot;selector&quot;:&quot;//*[@id=&quot;subheading&quot;]&quot;}&#10;  (Session info: chrome=144.0.7559.132)&#10;For documentation on this error, please visit: https://www.selenium.dev/documentation/webdriver/troubleshooting/errors#no-such-element-exception&#10;Build info: version: &apos;4.33.0&apos;, revision: &apos;2c6aaad03a&apos;&#10;System info: os.name: &apos;Windows 11&apos;, os.arch: &apos;amd64&apos;, os.version: &apos;10.0&apos;, java.version: &apos;25.0.1&apos;&#10;Driver info: org.openqa.selenium.chrome.ChromeDriver&#10;Command: [12b441f62aee75e33b91b3b6d5de116a, findElement {value=//*[@id=&quot;subheading&quot;], using=xpath}]&#10;Capabilities {acceptInsecureCerts: false, browserName: chrome, browserVersion: 144.0.7559.132, chrome: {chromedriverVersion: 144.0.7559.133 (7da823b1d59..., userDataDir: C:\Users\AZAMMU~1\AppData\L...}, fedcm:accounts: true, goog:chromeOptions: {debuggerAddress: localhost:55920}, goog:processID: 26392, networkConnectionEnabled: false, pageLoadStrategy: normal, platformName: windows, proxy: Proxy(), se:cdp: ws://localhost:55920/devtoo..., se:cdpVersion: 144.0.7559.132, setWindowRect: true, strictFileInteractability: false, timeouts: {implicit: 0, pageLoad: 300000, script: 30000}, unhandledPromptBehavior: dismiss and notify, webauthn:extension:credBlob: true, webauthn:extension:largeBlob: true, webauthn:extension:minPinLength: true, webauthn:extension:prf: true, webauthn:virtualAuthenticators: true}&#10;Session ID: 12b441f62aee75e33b91b3b6d5de116a" type="org.openqa.selenium.NoSuchElementException"><![CDATA[org.openqa.selenium.NoSuchElementException: 
no such element: Unable to locate element: {"method":"xpath","selector":"//*[@id="subheading"]"}
  (Session info: chrome=144.0.7559.132)
For documentation on this error, please visit: https://www.selenium.dev/documentation/webdriver/troubleshooting/errors#no-such-element-exception
Build info: version: '4.33.0', revision: '2c6aaad03a'
System info: os.name: 'Windows 11', os.arch: 'amd64', os.version: '10.0', java.version: '25.0.1'
Driver info: org.openqa.selenium.chrome.ChromeDriver
Command: [12b441f62aee75e33b91b3b6d5de116a, findElement {value=//*[@id="subheading"], using=xpath}]
Capabilities {acceptInsecureCerts: false, browserName: chrome, browserVersion: 144.0.7559.132, chrome: {chromedriverVersion: 144.0.7559.133 (7da823b1d59..., userDataDir: C:\Users\AZAMMU~1\AppData\L...}, fedcm:accounts: true, goog:chromeOptions: {debuggerAddress: localhost:55920}, goog:processID: 26392, networkConnectionEnabled: false, pageLoadStrategy: normal, platformName: windows, proxy: Proxy(), se:cdp: ws://localhost:55920/devtoo..., se:cdpVersion: 144.0.7559.132, setWindowRect: true, strictFileInteractability: false, timeouts: {implicit: 0, pageLoad: 300000, script: 30000}, unhandledPromptBehavior: dismiss and notify, webauthn:extension:credBlob: true, webauthn:extension:largeBlob: true, webauthn:extension:minPinLength: true, webauthn:extension:prf: true, webauthn:virtualAuthenticators: true}
Session ID: 12b441f62aee75e33b91b3b6d5de116a
	at java.base/java.lang.reflect.Constructor.newInstanceWithCaller(Constructor.java:499)
	at java.base/java.lang.reflect.Constructor.newInstance(Constructor.java:483)
	at org.openqa.selenium.remote.ErrorCodec.decode(ErrorCodec.java:167)
	at org.openqa.selenium.remote.codec.w3c.W3CHttpResponseCodec.decode(W3CHttpResponseCodec.java:138)
	at org.openqa.selenium.remote.codec.w3c.W3CHttpResponseCodec.decode(W3CHttpResponseCodec.java:50)
	at org.openqa.selenium.remote.HttpCommandExecutor.execute(HttpCommandExecutor.java:215)
	at org.openqa.selenium.remote.service.DriverCommandExecutor.invokeExecute(DriverCommandExecutor.java:216)
	at org.openqa.selenium.remote.service.DriverCommandExecutor.execute(DriverCommandExecutor.java:174)
	at org.openqa.selenium.remote.RemoteWebDriver.execute(RemoteWebDriver.java:544)
	at org.openqa.selenium.remote.ElementLocation$ElementFinder$2.findElement(ElementLocation.java:165)
	at org.openqa.selenium.remote.ElementLocation.findElement(ElementLocation.java:59)
	at org.openqa.selenium.remote.RemoteWebDriver.findElement(RemoteWebDriver.java:367)
	at org.openqa.selenium.remote.RemoteWebDriver.findElement(RemoteWebDriver.java:361)
	at testDefinitions.Activity2StepDefinitions.getTheConfirmationTextAndVerifyTheMessageAs(Activity2StepDefinitions.java:49)
	at ✽.Get the confirmation text and verify the message as "Invalid credentials"(classpath:features/Activity5.feature:10)
]]></error>
    <system-out><![CDATA[
@Activity5
Scenario Outline: Login Test with Example                                        &amp#27;[90m# features/Activity5.feature:14&amp#27;[0m
  &amp#27;[32mGiven &amp#27;[0m&amp#27;[32mThe user is on the login page&amp#27;[0m                                            &amp#27;[90m# testDefinitions.Activity2StepDefinitions.userIsOnLoginPage()&amp#27;[0m
  &amp#27;[32mWhen &amp#27;[0m&amp#27;[32mThe user enters &amp#27;[0m&amp#27;[32m&amp#27;[1m"admin"&amp#27;[0m&amp#27;[32m and &amp#27;[0m&amp#27;[32m&amp#27;[1m"pass"&amp#27;[0m                                        &amp#27;[90m# testDefinitions.Activity2StepDefinitions.theUserEnters(java.lang.String,java.lang.String)&amp#27;[0m
  &amp#27;[32mWhen &amp#27;[0m&amp#27;[32mClicks the submit btn&amp#27;[0m                                                     &amp#27;[90m# testDefinitions.Activity2StepDefinitions.clicksSubmit()&amp#27;[0m
  &amp#27;[31mThen &amp#27;[0m&amp#27;[31mGet the confirmation text and verify the message as &amp#27;[0m&amp#27;[31m&amp#27;[1m"Invalid credentials"&amp#27;[0m &amp#27;[90m# testDefinitions.Activity2StepDefinitions.getTheConfirmationTextAndVerifyTheMessageAs(java.lang.String)&amp#27;[0m
      &amp#27;[31morg.openqa.selenium.NoSuchElementException: no such element: Unable to locate element: {"method":"xpath","selector":"//*[@id="subheading"]"}
  (Session info: chrome=144.0.7559.132)
For documentation on this error, please visit: https://www.selenium.dev/documentation/webdriver/troubleshooting/errors#no-such-element-exception
Build info: version: '4.33.0', revision: '2c6aaad03a'
System info: os.name: 'Windows 11', os.arch: 'amd64', os.version: '10.0', java.version: '25.0.1'
Driver info: org.openqa.selenium.chrome.ChromeDriver
Command: [12b441f62aee75e33b91b3b6d5de116a, findElement {value=//*[@id="subheading"], using=xpath}]
Capabilities {acceptInsecureCerts: false, browserName: chrome, browserVersion: 144.0.7559.132, chrome: {chromedriverVersion: 144.0.7559.133 (7da823b1d59..., userDataDir: C:\Users\AZAMMU~1\AppData\L...}, fedcm:accounts: true, goog:chromeOptions: {debuggerAddress: localhost:55920}, goog:processID: 26392, networkConnectionEnabled: false, pageLoadStrategy: normal, platformName: windows, proxy: Proxy(), se:cdp: ws://localhost:55920/devtoo..., se:cdpVersion: 144.0.7559.132, setWindowRect: true, strictFileInteractability: false, timeouts: {implicit: 0, pageLoad: 300000, script: 30000}, unhandledPromptBehavior: dismiss and notify, webauthn:extension:credBlob: true, webauthn:extension:largeBlob: true, webauthn:extension:minPinLength: true, webauthn:extension:prf: true, webauthn:virtualAuthenticators: true}
Session ID: 12b441f62aee75e33b91b3b6d5de116a
	at java.base/jdk.internal.reflect.DirectConstructorHandleAccessor.newInstance(DirectConstructorHandleAccessor.java:62)
	at java.base/java.lang.reflect.Constructor.newInstanceWithCaller(Constructor.java:499)
	at java.base/java.lang.reflect.Constructor.newInstance(Constructor.java:483)
	at org.openqa.selenium.remote.ErrorCodec.decode(ErrorCodec.java:167)
	at org.openqa.selenium.remote.codec.w3c.W3CHttpResponseCodec.decode(W3CHttpResponseCodec.java:138)
	at org.openqa.selenium.remote.codec.w3c.W3CHttpResponseCodec.decode(W3CHttpResponseCodec.java:50)
	at org.openqa.selenium.remote.HttpCommandExecutor.execute(HttpCommandExecutor.java:215)
	at org.openqa.selenium.remote.service.DriverCommandExecutor.invokeExecute(DriverCommandExecutor.java:216)
	at org.openqa.selenium.remote.service.DriverCommandExecutor.execute(DriverCommandExecutor.java:174)
	at org.openqa.selenium.remote.RemoteWebDriver.execute(RemoteWebDriver.java:544)
	at org.openqa.selenium.remote.ElementLocation$ElementFinder$2.findElement(ElementLocation.java:165)
	at org.openqa.selenium.remote.ElementLocation.findElement(ElementLocation.java:59)
	at org.openqa.selenium.remote.RemoteWebDriver.findElement(RemoteWebDriver.java:367)
	at org.openqa.selenium.remote.RemoteWebDriver.findElement(RemoteWebDriver.java:361)
	at testDefinitions.Activity2StepDefinitions.getTheConfirmationTextAndVerifyTheMessageAs(Activity2StepDefinitions.java:49)
	at ✽.Get the confirmation text and verify the message as "Invalid credentials"(classpath:features/Activity5.feature:10)
&amp#27;[0m
]]></system-out>
  </testcase>
  <testcase name="Example #1.3" classname="Examples" time="0.171">
    <system-out><![CDATA[
@Activity3 @PromptAlert
Scenario Outline: Testing with Prompt Alert          &amp#27;[90m# features/Activity3.feature:36&amp#27;[0m
  &amp#27;[32mGiven &amp#27;[0m&amp#27;[32mUser is on the page&amp#27;[0m                          &amp#27;[90m# testDefinitions.Activity3StepDefinitions.alertPage()&amp#27;[0m
  &amp#27;[32mWhen &amp#27;[0m&amp#27;[32mUser clicks the Prompt Alert button&amp#27;[0m           &amp#27;[90m# testDefinitions.Activity3StepDefinitions.promptAlert()&amp#27;[0m
  &amp#27;[32mThen &amp#27;[0m&amp#27;[32mAlert opens&amp#27;[0m                                   &amp#27;[90m# testDefinitions.Activity3StepDefinitions.switchToAlert()&amp#27;[0m
Alert text: I'm a Prompt! Type something into me!
  &amp#27;[32mAnd &amp#27;[0m&amp#27;[32mRead the text from it and print it&amp#27;[0m             &amp#27;[90m# testDefinitions.Activity3StepDefinitions.getAlertText()&amp#27;[0m
  &amp#27;[32mAnd &amp#27;[0m&amp#27;[32mWrite a custom message in it &amp#27;[0m&amp#27;[32m&amp#27;[1m"Selenium is fun"&amp#27;[0m &amp#27;[90m# testDefinitions.Activity3StepDefinitions.enterMessage(java.lang.String)&amp#27;[0m
  &amp#27;[32mAnd &amp#27;[0m&amp#27;[32mClose the alert&amp#27;[0m                                &amp#27;[90m# testDefinitions.Activity3StepDefinitions.acceptAlert()&amp#27;[0m
Result: You typed "Selenium is fun" into the prompt!
  &amp#27;[32mAnd &amp#27;[0m&amp#27;[32mRead the result text&amp#27;[0m                           &amp#27;[90m# testDefinitions.Activity3StepDefinitions.resultMessage()&amp#27;[0m
]]></system-out>
  </testcase>
  <testcase name="Example #1.3" classname="Examples" time="0.445">
    <system-out><![CDATA[
@Activity5
Scenario Outline: Login Test with Example                                        &amp#27;[90m# features/Activity5.feature:15&amp#27;[0m
  &amp#27;[32mGiven &amp#27;[0m&amp#27;[32mThe user is on the login page&amp#27;[0m                                            &amp#27;[90m# testDefinitions.Activity2StepDefinitions.userIsOnLoginPage()&amp#27;[0m
  &amp#27;[32mWhen &amp#27;[0m&amp#27;[32mThe user enters &amp#27;[0m&amp#27;[32m&amp#27;[1m"admin"&amp#27;[0m&amp#27;[32m and &amp#27;[0m&amp#27;[32m&amp#27;[1m"pass123"&amp#27;[0m                                     &amp#27;[90m# testDefinitions.Activity2StepDefinitions.theUserEnters(java.lang.String,java.lang.String)&amp#27;[0m
  &amp#27;[32mWhen &amp#27;[0m&amp#27;[32mClicks the submit btn&amp#27;[0m                                                     &amp#27;[90m# testDefinitions.Activity2StepDefinitions.clicksSubmit()&amp#27;[0m
  &amp#27;[32mThen &amp#27;[0m&amp#27;[32mGet the confirmation text and verify the message as &amp#27;[0m&amp#27;[32m&amp#27;[1m"Invalid credentials"&amp#27;[0m &amp#27;[90m# testDefinitions.Activity2StepDefinitions.getTheConfirmationTextAndVerifyTheMessageAs(java.lang.String)&amp#27;[0m
]]></system-out>
  </testcase>
</testsuite>